app/build/intermediates/manifest_merge_blame_file/debug/processDebugMainManifest/manifest-merger-blame-debug-report.txt
1<?xml version="1.0" encoding="utf-8"?>
2<manifest xmlns:android="http://schemas.android.com/apk/res/android"
3    package="com.example.myapplication"
4    android:versionCode="1"
5    android:versionName="1.0" >
6
7    <uses-sdk
8        android:minSdkVersion="35"
9        android:targetSdkVersion="36" />
10
11    <!-- ==================== 所有需要的权限（完美适配 Android 6~15） ==================== -->
12
13
14    <!-- Android 12+ 新蓝牙权限（推荐写法，不会吓人提示“访问位置”） -->
15    <uses-permission
15-->src\main\AndroidManifest.xml:8:5-9:58
16        android:name="android.permission.BLUETOOTH_SCAN"
16-->src\main\AndroidManifest.xml:8:22-70
17        android:usesPermissionFlags="neverForLocation" />
17-->src\main\AndroidManifest.xml:9:9-55
18    <uses-permission android:name="android.permission.BLUETOOTH_CONNECT" />
18-->src\main\AndroidManifest.xml:10:5-76
18-->src\main\AndroidManifest.xml:10:22-73
19
20    <!-- 兼容 Android 11 及以下的旧蓝牙权限 -->
21    <uses-permission android:name="android.permission.BLUETOOTH" />
21-->src\main\AndroidManifest.xml:13:5-68
21-->src\main\AndroidManifest.xml:13:22-65
22    <uses-permission android:name="android.permission.BLUETOOTH_ADMIN" />
22-->src\main\AndroidManifest.xml:14:5-74
22-->src\main\AndroidManifest.xml:14:22-71
23
24    <!-- 相机 + 麦克风（视频录制必须） -->
25    <uses-permission android:name="android.permission.CAMERA" />
25-->src\main\AndroidManifest.xml:17:5-65
25-->src\main\AndroidManifest.xml:17:22-62
26    <uses-permission android:name="android.permission.RECORD_AUDIO" />
26-->src\main\AndroidManifest.xml:18:5-71
26-->src\main\AndroidManifest.xml:18:22-68
27
28    <!-- 网络（上传数据） -->
29    <uses-permission android:name="android.permission.INTERNET" />
29-->src\main\AndroidManifest.xml:21:5-67
29-->src\main\AndroidManifest.xml:21:22-64
30
31    <!-- Android 13+ 读取视频文件 -->
32    <uses-permission android:name="android.permission.READ_MEDIA_VIDEO" />
32-->src\main\AndroidManifest.xml:24:5-75
32-->src\main\AndroidManifest.xml:24:22-72
33
34    <!-- 兼容 Android 12 及以下读取视频（只在 12 及以下生效） -->
35    <uses-permission
35-->src\main\AndroidManifest.xml:27:5-28:38
36        android:name="android.permission.READ_EXTERNAL_STORAGE"
36-->src\main\AndroidManifest.xml:27:22-77
37        android:maxSdkVersion="32" />
37-->src\main\AndroidManifest.xml:28:9-35
38
39    <permission
39-->[androidx.core:core:1.13.0] AndroidManifest.xml:22:5-24:47
40        android:name="com.example.myapplication.DYNAMIC_RECEIVER_NOT_EXPORTED_PERMISSION"
40-->[androidx.core:core:1.13.0] AndroidManifest.xml:23:9-81
41        android:protectionLevel="signature" />
41-->[androidx.core:core:1.13.0] AndroidManifest.xml:24:9-44
42
43    <uses-permission android:name="com.example.myapplication.DYNAMIC_RECEIVER_NOT_EXPORTED_PERMISSION" /> <!-- 可选：如果你以后要后台扫描，可以加这个（目前不需要可删） -->
43-->[androidx.core:core:1.13.0] AndroidManifest.xml:26:5-97
43-->[androidx.core:core:1.13.0] AndroidManifest.xml:26:22-94
44    <!-- <uses-permission android:name="android.permission.ACCESS_FINE_LOCATION" /> -->
45    <application
45-->src\main\AndroidManifest.xml:33:5-66:19
46        android:allowBackup="true"
46-->src\main\AndroidManifest.xml:34:9-35
47        android:appComponentFactory="androidx.core.app.CoreComponentFactory"
47-->[androidx.core:core:1.13.0] AndroidManifest.xml:28:18-86
48        android:dataExtractionRules="@xml/data_extraction_rules"
48-->src\main\AndroidManifest.xml:36:9-65
49        android:debuggable="true"
50        android:extractNativeLibs="false"
51        android:fullBackupContent="@xml/backup_rules"
51-->src\main\AndroidManifest.xml:37:9-54
52        android:icon="@mipmap/ic_launcher"
52-->src\main\AndroidManifest.xml:38:9-43
53        android:label="@string/app_name"
53-->src\main\AndroidManifest.xml:39:9-41
54        android:roundIcon="@mipmap/ic_launcher_round"
54-->src\main\AndroidManifest.xml:40:9-54
55        android:supportsRtl="true"
55-->src\main\AndroidManifest.xml:41:9-35
56        android:theme="@style/Theme.MyApplication"
56-->src\main\AndroidManifest.xml:42:9-51
57        android:usesCleartextTraffic="true" >
57-->src\main\AndroidManifest.xml:35:9-44
58
59        <!-- 主界面（启动页） -->
60        <activity
60-->src\main\AndroidManifest.xml:46:9-53:20
61            android:name="com.example.myapplication.MainActivity"
61-->src\main\AndroidManifest.xml:47:13-41
62            android:exported="true" >
62-->src\main\AndroidManifest.xml:48:13-36
63            <intent-filter>
63-->src\main\AndroidManifest.xml:49:13-52:29
64                <action android:name="android.intent.action.MAIN" />
64-->src\main\AndroidManifest.xml:50:17-69
64-->src\main\AndroidManifest.xml:50:25-66
65
66                <category android:name="android.intent.category.LAUNCHER" />
66-->src\main\AndroidManifest.xml:51:17-77
66-->src\main\AndroidManifest.xml:51:27-74
67            </intent-filter>
68        </activity>
69
70        <!-- 蓝牙设备选择页面（必须声明！否则点击“蓝牙检测”会直接崩溃） -->
71        <activity
71-->src\main\AndroidManifest.xml:56:9-64:20
72            android:name="com.example.myapplication.DeviceListActivity"
72-->src\main\AndroidManifest.xml:57:13-47
73            android:exported="false"
73-->src\main\AndroidManifest.xml:58:13-37
74            android:parentActivityName="com.example.myapplication.MainActivity" >
74-->src\main\AndroidManifest.xml:59:13-55
75
76            <!-- 可选：返回箭头能回到 MainActivity -->
77            <meta-data
77-->src\main\AndroidManifest.xml:61:13-63:49
78                android:name="android.support.PARENT_ACTIVITY"
78-->src\main\AndroidManifest.xml:62:17-63
79                android:value=".MainActivity" />
79-->src\main\AndroidManifest.xml:63:17-46
80        </activity>
81
82        <!--
83        Service for holding metadata. Cannot be instantiated.
84        Metadata will be merged from other manifests.
85        -->
86        <service
86-->[androidx.camera:camera-core:1.3.4] AndroidManifest.xml:29:9-33:78
87            android:name="androidx.camera.core.impl.MetadataHolderService"
87-->[androidx.camera:camera-core:1.3.4] AndroidManifest.xml:30:13-75
88            android:enabled="false"
88-->[androidx.camera:camera-core:1.3.4] AndroidManifest.xml:31:13-36
89            android:exported="false" >
89-->[androidx.camera:camera-core:1.3.4] AndroidManifest.xml:32:13-37
90            <meta-data
90-->[androidx.camera:camera-camera2:1.3.4] AndroidManifest.xml:30:13-32:89
91                android:name="androidx.camera.core.impl.MetadataHolderService.DEFAULT_CONFIG_PROVIDER"
91-->[androidx.camera:camera-camera2:1.3.4] AndroidManifest.xml:31:17-103
92                android:value="androidx.camera.camera2.Camera2Config$DefaultProvider" />
92-->[androidx.camera:camera-camera2:1.3.4] AndroidManifest.xml:32:17-86
93        </service>
94
95        <provider
95-->[androidx.emoji2:emoji2:1.3.0] AndroidManifest.xml:24:9-32:20
96            android:name="androidx.startup.InitializationProvider"
96-->[androidx.emoji2:emoji2:1.3.0] AndroidManifest.xml:25:13-67
97            android:authorities="com.example.myapplication.androidx-startup"
97-->[androidx.emoji2:emoji2:1.3.0] AndroidManifest.xml:26:13-68
98            android:exported="false" >
98-->[androidx.emoji2:emoji2:1.3.0] AndroidManifest.xml:27:13-37
99            <meta-data
99-->[androidx.emoji2:emoji2:1.3.0] AndroidManifest.xml:29:13-31:52
100                android:name="androidx.emoji2.text.EmojiCompatInitializer"
100-->[androidx.emoji2:emoji2:1.3.0] AndroidManifest.xml:30:17-75
101                android:value="androidx.startup" />
101-->[androidx.emoji2:emoji2:1.3.0] AndroidManifest.xml:31:17-49
102            <meta-data
102-->[androidx.lifecycle:lifecycle-process:2.6.2] AndroidManifest.xml:29:13-31:52
103                android:name="androidx.lifecycle.ProcessLifecycleInitializer"
103-->[androidx.lifecycle:lifecycle-process:2.6.2] AndroidManifest.xml:30:17-78
104                android:value="androidx.startup" />
104-->[androidx.lifecycle:lifecycle-process:2.6.2] AndroidManifest.xml:31:17-49
105            <meta-data
105-->[androidx.profileinstaller:profileinstaller:1.3.1] AndroidManifest.xml:29:13-31:52
106                android:name="androidx.profileinstaller.ProfileInstallerInitializer"
106-->[androidx.profileinstaller:profileinstaller:1.3.1] AndroidManifest.xml:30:17-85
107                android:value="androidx.startup" />
107-->[androidx.profileinstaller:profileinstaller:1.3.1] AndroidManifest.xml:31:17-49
108        </provider>
109
110        <receiver
110-->[androidx.profileinstaller:profileinstaller:1.3.1] AndroidManifest.xml:34:9-52:20
111            android:name="androidx.profileinstaller.ProfileInstallReceiver"
111-->[androidx.profileinstaller:profileinstaller:1.3.1] AndroidManifest.xml:35:13-76
112            android:directBootAware="false"
112-->[androidx.profileinstaller:profileinstaller:1.3.1] AndroidManifest.xml:36:13-44
113            android:enabled="true"
113-->[androidx.profileinstaller:profileinstaller:1.3.1] AndroidManifest.xml:37:13-35
114            android:exported="true"
114-->[androidx.profileinstaller:profileinstaller:1.3.1] AndroidManifest.xml:38:13-36
115            android:permission="android.permission.DUMP" >
115-->[androidx.profileinstaller:profileinstaller:1.3.1] AndroidManifest.xml:39:13-57
116            <intent-filter>
116-->[androidx.profileinstaller:profileinstaller:1.3.1] AndroidManifest.xml:40:13-42:29
117                <action android:name="androidx.profileinstaller.action.INSTALL_PROFILE" />
117-->[androidx.profileinstaller:profileinstaller:1.3.1] AndroidManifest.xml:41:17-91
117-->[androidx.profileinstaller:profileinstaller:1.3.1] AndroidManifest.xml:41:25-88
118            </intent-filter>
119            <intent-filter>
119-->[androidx.profileinstaller:profileinstaller:1.3.1] AndroidManifest.xml:43:13-45:29
120                <action android:name="androidx.profileinstaller.action.SKIP_FILE" />
120-->[androidx.profileinstaller:profileinstaller:1.3.1] AndroidManifest.xml:44:17-85
120-->[androidx.profileinstaller:profileinstaller:1.3.1] AndroidManifest.xml:44:25-82
121            </intent-filter>
122            <intent-filter>
122-->[androidx.profileinstaller:profileinstaller:1.3.1] AndroidManifest.xml:46:13-48:29
123                <action android:name="androidx.profileinstaller.action.SAVE_PROFILE" />
123-->[androidx.profileinstaller:profileinstaller:1.3.1] AndroidManifest.xml:47:17-88
123-->[androidx.profileinstaller:profileinstaller:1.3.1] AndroidManifest.xml:47:25-85
124            </intent-filter>
125            <intent-filter>
125-->[androidx.profileinstaller:profileinstaller:1.3.1] AndroidManifest.xml:49:13-51:29
126                <action android:name="androidx.profileinstaller.action.BENCHMARK_OPERATION" />
126-->[androidx.profileinstaller:profileinstaller:1.3.1] AndroidManifest.xml:50:17-95
126-->[androidx.profileinstaller:profileinstaller:1.3.1] AndroidManifest.xml:50:25-92
127            </intent-filter>
128        </receiver>
129    </application>
130
131</manifest>